
> web@0.1.0 build C:\Users\rayan\Desktop\Antigravity workspaces\Moon-dashboard\apps\web
> next build

   ▲ Next.js 15.5.12
   - Environments: .env.local

   Creating an optimized production build ...
 ✓ (serwist) Bundling the service worker script with the URL '/sw.js' and the scope '/'...
<w> [webpack.cache.PackFileCacheStrategy/webpack.FileSystemInfo] Parsing of C:\Users\rayan\Desktop\Antigravity workspaces\Moon-dashboard\node_modules\.pnpm\@next+mdx@15.1.6_@mdx-js+lo_24775e79982d4b5700022a067efbaaa9\node_modules\@next\mdx\mdx-js-loader.js for build dependencies failed at 'import(require.resolve(plugin[0], { paths: [projectRoot] }))'.
<w> Build dependencies behind this expression are ignored and might cause incorrect cache invalidation.
<w> [webpack.cache.PackFileCacheStrategy] Serializing big strings (192kiB) impacts deserialization performance (consider using Buffer instead and decode when needed)
 ✓ Compiled successfully in 13.2s
   Linting and checking validity of types ...

./src/app/archive/page.tsx
4:46  Warning: 'Info' is defined but never used.  @typescript-eslint/no-unused-vars

./src/app/calendar/page.tsx
6:10  Warning: 'Footer' is defined but never used.  @typescript-eslint/no-unused-vars

./src/app/horizon/page.tsx
200:15  Warning: 'isWaxing' is assigned a value but never used.  @typescript-eslint/no-unused-vars
280:8  Warning: React Hook useEffect has a missing dependency: 'loc'. Either include it or remove the dependency array.  react-hooks/exhaustive-deps
290:8  Warning: React Hook useEffect has a missing dependency: 'loc'. Either include it or remove the dependency array.  react-hooks/exhaustive-deps
304:8  Warning: React Hook useEffect has a missing dependency: 'loc'. Either include it or remove the dependency array.  react-hooks/exhaustive-deps

./src/app/moon/page.tsx
4:10  Warning: 'Header' is defined but never used.  @typescript-eslint/no-unused-vars

./src/app/support/page.tsx
2:32  Warning: 'MonitorSmartphone' is defined but never used.  @typescript-eslint/no-unused-vars

./src/app/terms/page.tsx
2:10  Warning: 'FileText' is defined but never used.  @typescript-eslint/no-unused-vars
2:20  Warning: 'Shield' is defined but never used.  @typescript-eslint/no-unused-vars
2:28  Warning: 'Scale' is defined but never used.  @typescript-eslint/no-unused-vars
2:35  Warning: 'AlertTriangle' is defined but never used.  @typescript-eslint/no-unused-vars
2:50  Warning: 'AlertCircle' is defined but never used.  @typescript-eslint/no-unused-vars
2:63  Warning: 'RefreshCw' is defined but never used.  @typescript-eslint/no-unused-vars

./src/components/AutoDetectButton.tsx
43:26  Warning: 'err' is defined but never used.  @typescript-eslint/no-unused-vars

./src/components/BestTimeCard.tsx
4:17  Warning: 'Cloud' is defined but never used.  @typescript-eslint/no-unused-vars
4:24  Warning: 'Thermometer' is defined but never used.  @typescript-eslint/no-unused-vars
4:37  Warning: 'Droplets' is defined but never used.  @typescript-eslint/no-unused-vars
4:47  Warning: 'Wind' is defined but never used.  @typescript-eslint/no-unused-vars
4:53  Warning: 'Eye' is defined but never used.  @typescript-eslint/no-unused-vars
15:9  Warning: React Hook useMemo has missing dependencies: 'date' and 'location'. Either include them or remove the dependency array.  react-hooks/exhaustive-deps
15:10  Warning: React Hook useMemo has a complex expression in the dependency array. Extract it to a separate variable so it can be statically checked.  react-hooks/exhaustive-deps

./src/components/Header.tsx
5:16  Warning: 'MapPin' is defined but never used.  @typescript-eslint/no-unused-vars

info  - Need to disable some ESLint rules? Learn more here: https://nextjs.org/docs/app/api-reference/config/eslint#disabling-rules
   Collecting page data ...
 ⚠ Using edge runtime on a page currently disables static generation for that page
   Generating static pages (0/16) ...
🌐 i18next is maintained with support from Locize — consider powering your project with managed localization (AI, CDN, integrations): https://locize.com 💙
The width(-1) and height(-1) of chart should be greater than 0,
       please check the style of container, or the props width(100%) and height(100%),
       or add a minWidth(0) or minHeight(undefined) or use aspect(undefined) to control the
       height and width.
The width(-1) and height(-1) of chart should be greater than 0,
       please check the style of container, or the props width(100%) and height(100%),
       or add a minWidth(0) or minHeight(undefined) or use aspect(undefined) to control the
       height and width.
The width(-1) and height(-1) of chart should be greater than 0,
       please check the style of container, or the props width(100%) and height(100%),
       or add a minWidth(0) or minHeight(undefined) or use aspect(undefined) to control the
       height and width.
   Generating static pages (4/16) 
   Generating static pages (8/16) 
   Generating static pages (12/16) 
 ✓ Generating static pages (16/16)
   Finalizing page optimization ...
   Collecting build traces ...

Route (app)                                 Size  First Load JS
┌ ○ /                                    5.62 kB         176 kB
├ ○ /_not-found                             1 kB         105 kB
├ ● /[slug]                                735 B         105 kB
├   ├ /about
├   ├ /methodology
├   ├ /privacy
├   └ [+2 more paths]
├ ƒ /api/cron/moon-alerts                  154 B         104 kB
├ ƒ /api/cron/visibility                   154 B         104 kB
├ ƒ /api/push/send                         154 B         104 kB
├ ƒ /api/sightings                         154 B         104 kB
├ ƒ /api/stripe/checkout                   154 B         104 kB
├ ƒ /api/stripe/webhook                    154 B         104 kB
├ ƒ /api/trpc/[trpc]                       154 B         104 kB
├ ƒ /api/visibility                        154 B         104 kB
├ ○ /archive                             3.83 kB         169 kB
├ ○ /calendar                            4.93 kB         229 kB
├ ○ /horizon                             4.16 kB         171 kB
├ ○ /moon                                 122 kB         299 kB
├ ○ /privacy                               169 B         108 kB
├ ○ /support                               154 B         104 kB
├ ○ /terms                                 169 B         108 kB
└ ○ /visibility                          16.3 kB         205 kB
+ First Load JS shared by all             104 kB
  ├ chunks/2a282fa6-e9135516baf4f397.js  54.2 kB
  ├ chunks/8413-74f5a1e6acc4fc09.js      47.8 kB
  └ other shared chunks (total)          2.15 kB


ƒ Middleware                             85.2 kB

○  (Static)   prerendered as static content
●  (SSG)      prerendered as static HTML (uses generateStaticParams)
ƒ  (Dynamic)  server-rendered on demand

